<?xml version="1.0" encoding="UTF-8"?>
<!-- Generated by org.testng.reporters.JUnitXMLReporter -->
<testsuite hostname="INCDSZLP00340" ignored="0" name="DemoQA Application Test Cases" tests="17" failures="2" timestamp="2020-07-29T12:26:57 IST" time="166.41" errors="0">
  <testcase name="HomePageTitleTest" time="0.023" classname="com.demoqa.qa.testcases.HomePageTest"/>
  <testcase name="LogoImageTest" time="0.097" classname="com.demoqa.qa.testcases.HomePageTest"/>
  <testcase name="ClickOnElementsTest" time="0.469" classname="com.demoqa.qa.testcases.HomePageTest"/>
  <testcase name="ClickOnFormsTest" time="0.482" classname="com.demoqa.qa.testcases.HomePageTest"/>
  <testcase name="ClickOnAlertFrmTest" time="0.494" classname="com.demoqa.qa.testcases.HomePageTest"/>
  <testcase name="ClickOnWidgetsTest" time="0.413" classname="com.demoqa.qa.testcases.HomePageTest"/>
  <testcase name="ClickOnInteractionsTest" time="0.444" classname="com.demoqa.qa.testcases.HomePageTest"/>
  <testcase name="ClickOnBookStoreTest" time="0.378" classname="com.demoqa.qa.testcases.HomePageTest"/>
  <testcase name="HomePageTitleTestEle" time="0.017" classname="com.demoqa.qa.testcases.ElementPageTest"/>
  <testcase name="ClkTxtBoxTest" time="0.776" classname="com.demoqa.qa.testcases.ElementPageTest"/>
  <testcase name="ClickChkBoxTest" time="0.777" classname="com.demoqa.qa.testcases.ElementPageTest"/>
  <testcase name="ClickRdbtnTest" time="0.703" classname="com.demoqa.qa.testcases.ElementPageTest"/>
  <testcase name="ClickWebTblsTest" time="1.028" classname="com.demoqa.qa.testcases.ElementPageTest"/>
  <testcase name="ClickBttnsTest" time="0.831" classname="com.demoqa.qa.testcases.ElementPageTest"/>
  <testcase name="ClickLnksTest" time="1.654" classname="com.demoqa.qa.testcases.ElementPageTest">
    <failure type="org.openqa.selenium.ElementClickInterceptedException" message="element click intercepted: Element &amp;lt;span class=&amp;quot;text&amp;quot;&amp;gt;...&amp;lt;/span&amp;gt; is not clickable at point (100, 609). Other element would receive the click: &amp;lt;footer&amp;gt;...&amp;lt;/footer&amp;gt;
  (Session info: chrome=84.0.4147.89)
Build info: version: &amp;apos;4.0.0-alpha-6&amp;apos;, revision: &amp;apos;5f43a29cfc&amp;apos;
System info: host: &amp;apos;INCDSZLP00340&amp;apos;, ip: &amp;apos;192.168.1.10&amp;apos;, os.name: &amp;apos;Windows 10&amp;apos;, os.arch: &amp;apos;amd64&amp;apos;, os.version: &amp;apos;10.0&amp;apos;, java.version: &amp;apos;1.8.0_251&amp;apos;
Driver info: org.openqa.selenium.chrome.ChromeDriver
Capabilities {acceptInsecureCerts: false, browserName: chrome, browserVersion: 84.0.4147.89, chrome: {chromedriverVersion: 83.0.4103.39 (ccbf011cb2d2b..., userDataDir: C:\Users\SK0034~1\AppData\L...}, goog:chromeOptions: {debuggerAddress: localhost:57810}, javascriptEnabled: true, networkConnectionEnabled: false, pageLoadStrategy: normal, platform: WINDOWS, platformName: WINDOWS, proxy: Proxy(), setWindowRect: true, strictFileInteractability: false, timeouts: {implicit: 0, pageLoad: 300000, script: 30000}, unhandledPromptBehavior: dismiss and notify, webauthn:virtualAuthenticators: true}
Session ID: 409dd82e4b84a1b049a5ec0f79032c72">
      <![CDATA[org.openqa.selenium.ElementClickInterceptedException: element click intercepted: Element <span class="text">...</span> is not clickable at point (100, 609). Other element would receive the click: <footer>...</footer>
  (Session info: chrome=84.0.4147.89)
Build info: version: '4.0.0-alpha-6', revision: '5f43a29cfc'
System info: host: 'INCDSZLP00340', ip: '192.168.1.10', os.name: 'Windows 10', os.arch: 'amd64', os.version: '10.0', java.version: '1.8.0_251'
Driver info: org.openqa.selenium.chrome.ChromeDriver
Capabilities {acceptInsecureCerts: false, browserName: chrome, browserVersion: 84.0.4147.89, chrome: {chromedriverVersion: 83.0.4103.39 (ccbf011cb2d2b..., userDataDir: C:\Users\SK0034~1\AppData\L...}, goog:chromeOptions: {debuggerAddress: localhost:57810}, javascriptEnabled: true, networkConnectionEnabled: false, pageLoadStrategy: normal, platform: WINDOWS, platformName: WINDOWS, proxy: Proxy(), setWindowRect: true, strictFileInteractability: false, timeouts: {implicit: 0, pageLoad: 300000, script: 30000}, unhandledPromptBehavior: dismiss and notify, webauthn:virtualAuthenticators: true}
Session ID: 409dd82e4b84a1b049a5ec0f79032c72
at org.openqa.selenium.remote.codec.w3c.W3CHttpResponseCodec.createException(W3CHttpResponseCodec.java:196)
at org.openqa.selenium.remote.codec.w3c.W3CHttpResponseCodec.decode(W3CHttpResponseCodec.java:129)
at org.openqa.selenium.remote.codec.w3c.W3CHttpResponseCodec.decode(W3CHttpResponseCodec.java:53)
at org.openqa.selenium.remote.HttpCommandExecutor.execute(HttpCommandExecutor.java:160)
at org.openqa.selenium.remote.service.DriverCommandExecutor.execute(DriverCommandExecutor.java:83)
at org.openqa.selenium.remote.RemoteWebDriver.execute(RemoteWebDriver.java:582)
at org.openqa.selenium.remote.RemoteWebElement.execute(RemoteWebElement.java:316)
at org.openqa.selenium.remote.RemoteWebElement.click(RemoteWebElement.java:85)
at org.openqa.selenium.support.events.EventFiringWebDriver$EventFiringWebElement.lambda$new$0(EventFiringWebDriver.java:405)
at com.sun.proxy.$Proxy17.click(Unknown Source)
at org.openqa.selenium.support.events.EventFiringWebDriver$EventFiringWebElement.click(EventFiringWebDriver.java:418)
at org.openqa.selenium.support.pagefactory.internal.LocatingElementHandler.invoke(LocatingElementHandler.java:52)
at com.sun.proxy.$Proxy16.click(Unknown Source)
at com.demoqa.qa.pages.Elementpage.ClickLnks(Elementpage.java:97)
at com.demoqa.qa.testcases.ElementPageTest.ClickLnksTest(ElementPageTest.java:66)
at java.util.ArrayList.forEach(Unknown Source)
... Removed 37 stack frames]]>
    </failure>
  </testcase> <!-- ClickLnksTest -->
  <testcase name="ClickUplddwnldTest" time="0.892" classname="com.demoqa.qa.testcases.ElementPageTest"/>
  <testcase name="ClickDyncpropTest" time="1.616" classname="com.demoqa.qa.testcases.ElementPageTest">
    <failure type="org.openqa.selenium.ElementClickInterceptedException" message="element click intercepted: Element &amp;lt;span class=&amp;quot;text&amp;quot;&amp;gt;...&amp;lt;/span&amp;gt; is not clickable at point (155, 601). Other element would receive the click: &amp;lt;footer&amp;gt;...&amp;lt;/footer&amp;gt;
  (Session info: chrome=84.0.4147.89)
Build info: version: &amp;apos;4.0.0-alpha-6&amp;apos;, revision: &amp;apos;5f43a29cfc&amp;apos;
System info: host: &amp;apos;INCDSZLP00340&amp;apos;, ip: &amp;apos;192.168.1.10&amp;apos;, os.name: &amp;apos;Windows 10&amp;apos;, os.arch: &amp;apos;amd64&amp;apos;, os.version: &amp;apos;10.0&amp;apos;, java.version: &amp;apos;1.8.0_251&amp;apos;
Driver info: org.openqa.selenium.chrome.ChromeDriver
Capabilities {acceptInsecureCerts: false, browserName: chrome, browserVersion: 84.0.4147.89, chrome: {chromedriverVersion: 83.0.4103.39 (ccbf011cb2d2b..., userDataDir: C:\Users\SK0034~1\AppData\L...}, goog:chromeOptions: {debuggerAddress: localhost:57863}, javascriptEnabled: true, networkConnectionEnabled: false, pageLoadStrategy: normal, platform: WINDOWS, platformName: WINDOWS, proxy: Proxy(), setWindowRect: true, strictFileInteractability: false, timeouts: {implicit: 0, pageLoad: 300000, script: 30000}, unhandledPromptBehavior: dismiss and notify, webauthn:virtualAuthenticators: true}
Session ID: 46b6b9d30fb6de42372643ccba344a3c">
      <![CDATA[org.openqa.selenium.ElementClickInterceptedException: element click intercepted: Element <span class="text">...</span> is not clickable at point (155, 601). Other element would receive the click: <footer>...</footer>
  (Session info: chrome=84.0.4147.89)
Build info: version: '4.0.0-alpha-6', revision: '5f43a29cfc'
System info: host: 'INCDSZLP00340', ip: '192.168.1.10', os.name: 'Windows 10', os.arch: 'amd64', os.version: '10.0', java.version: '1.8.0_251'
Driver info: org.openqa.selenium.chrome.ChromeDriver
Capabilities {acceptInsecureCerts: false, browserName: chrome, browserVersion: 84.0.4147.89, chrome: {chromedriverVersion: 83.0.4103.39 (ccbf011cb2d2b..., userDataDir: C:\Users\SK0034~1\AppData\L...}, goog:chromeOptions: {debuggerAddress: localhost:57863}, javascriptEnabled: true, networkConnectionEnabled: false, pageLoadStrategy: normal, platform: WINDOWS, platformName: WINDOWS, proxy: Proxy(), setWindowRect: true, strictFileInteractability: false, timeouts: {implicit: 0, pageLoad: 300000, script: 30000}, unhandledPromptBehavior: dismiss and notify, webauthn:virtualAuthenticators: true}
Session ID: 46b6b9d30fb6de42372643ccba344a3c
at org.openqa.selenium.remote.codec.w3c.W3CHttpResponseCodec.createException(W3CHttpResponseCodec.java:196)
at org.openqa.selenium.remote.codec.w3c.W3CHttpResponseCodec.decode(W3CHttpResponseCodec.java:129)
at org.openqa.selenium.remote.codec.w3c.W3CHttpResponseCodec.decode(W3CHttpResponseCodec.java:53)
at org.openqa.selenium.remote.HttpCommandExecutor.execute(HttpCommandExecutor.java:160)
at org.openqa.selenium.remote.service.DriverCommandExecutor.execute(DriverCommandExecutor.java:83)
at org.openqa.selenium.remote.RemoteWebDriver.execute(RemoteWebDriver.java:582)
at org.openqa.selenium.remote.RemoteWebElement.execute(RemoteWebElement.java:316)
at org.openqa.selenium.remote.RemoteWebElement.click(RemoteWebElement.java:85)
at org.openqa.selenium.support.events.EventFiringWebDriver$EventFiringWebElement.lambda$new$0(EventFiringWebDriver.java:405)
at com.sun.proxy.$Proxy17.click(Unknown Source)
at org.openqa.selenium.support.events.EventFiringWebDriver$EventFiringWebElement.click(EventFiringWebDriver.java:418)
at org.openqa.selenium.support.pagefactory.internal.LocatingElementHandler.invoke(LocatingElementHandler.java:52)
at com.sun.proxy.$Proxy16.click(Unknown Source)
at com.demoqa.qa.pages.Elementpage.ClickDyncprop(Elementpage.java:115)
at com.demoqa.qa.testcases.ElementPageTest.ClickDyncpropTest(ElementPageTest.java:76)
at java.util.ArrayList.forEach(Unknown Source)
... Removed 37 stack frames]]>
    </failure>
  </testcase> <!-- ClickDyncpropTest -->
</testsuite> <!-- DemoQA Application Test Cases -->
